

================================================================
== Vivado HLS Report for 'kernel'
================================================================
* Date:           Thu May 19 22:59:29 2022

* Version:        2019.2.1 (Build 2724168 on Thu Dec 05 05:19:09 MST 2019)
* Project:        out.prj
* Solution:       solution1
* Product family: virtexuplus
* Target device:  xcu280-fsvh2892-2L-e


================================================================
== Performance Estimates
================================================================
+ Timing: 
    * Summary: 
    +--------+---------+----------+------------+
    |  Clock |  Target | Estimated| Uncertainty|
    +--------+---------+----------+------------+
    |ap_clk  | 4.00 ns | 3.480 ns |   0.50 ns  |
    +--------+---------+----------+------------+

+ Latency: 
    * Summary: 
    +---------+---------+----------+----------+---------+---------+---------+
    |  Latency (cycles) |  Latency (absolute) |      Interval     | Pipeline|
    |   min   |   max   |    min   |    max   |   min   |   max   |   Type  |
    +---------+---------+----------+----------+---------+---------+---------+
    |  1634581|  1634581| 6.538 ms | 6.538 ms |  1634581|  1634581|   none  |
    +---------+---------+----------+----------+---------+---------+---------+

    + Detail: 
        * Instance: 
        N/A

        * Loop: 
        +--------------+---------+---------+----------+-----------+-----------+------+----------+
        |              |  Latency (cycles) | Iteration|  Initiation Interval  | Trip |          |
        |   Loop Name  |   min   |   max   |  Latency |  achieved |   target  | Count| Pipelined|
        +--------------+---------+---------+----------+-----------+-----------+------+----------+
        |- l_s_oc_l_i  |  1634580|  1634580|      9081|          -|          -|   180|    no    |
        | + l_j_init   |       30|       30|         1|          1|          1|    30|    yes   |
        | + l_rc       |     9015|     9015|      3005|          -|          -|     3|    no    |
        |  ++ l_ry     |     3003|     3003|      1001|          -|          -|     3|    no    |
        |   +++ l_rx   |      999|      999|       333|          -|          -|     3|    no    |
        |    ++++ l_j  |      330|      330|        11|          -|          -|    30|    no    |
        | + l_j_back   |       30|       30|         2|          1|          1|    30|    yes   |
        +--------------+---------+---------+----------+-----------+-----------+------+----------+



================================================================
== Utilization Estimates
================================================================
* Summary: 
+---------------------+---------+-------+---------+---------+-----+
|         Name        | BRAM_18K| DSP48E|    FF   |   LUT   | URAM|
+---------------------+---------+-------+---------+---------+-----+
|DSP                  |        -|      -|        -|        -|    -|
|Expression           |        -|      -|        0|      354|    -|
|FIFO                 |        -|      -|        -|        -|    -|
|Instance             |        -|      5|      348|      298|    -|
|Memory               |        0|      -|       64|       15|    0|
|Multiplexer          |        -|      -|        -|      252|    -|
|Register             |        -|      -|      335|        -|    -|
+---------------------+---------+-------+---------+---------+-----+
|Total                |        0|      5|      747|      919|    0|
+---------------------+---------+-------+---------+---------+-----+
|Available SLR        |     1344|   3008|   869120|   434560|  320|
+---------------------+---------+-------+---------+---------+-----+
|Utilization SLR (%)  |        0|   ~0  |    ~0   |    ~0   |    0|
+---------------------+---------+-------+---------+---------+-----+
|Available            |     4032|   9024|  2607360|  1303680|  960|
+---------------------+---------+-------+---------+---------+-----+
|Utilization (%)      |        0|   ~0  |    ~0   |    ~0   |    0|
+---------------------+---------+-------+---------+---------+-----+

+ Detail: 
    * Instance: 
    +-------------------------+----------------------+---------+-------+-----+-----+-----+
    |         Instance        |        Module        | BRAM_18K| DSP48E|  FF | LUT | URAM|
    +-------------------------+----------------------+---------+-------+-----+-----+-----+
    |kernel_fadd_32ns_bkb_U1  |kernel_fadd_32ns_bkb  |        0|      2|  205|  220|    0|
    |kernel_fmul_32ns_cud_U2  |kernel_fmul_32ns_cud  |        0|      3|  143|   78|    0|
    +-------------------------+----------------------+---------+-------+-----+-----+-----+
    |Total                    |                      |        0|      5|  348|  298|    0|
    +-------------------------+----------------------+---------+-------+-----+-----+-----+

    * DSP48E: 
    N/A

    * Memory: 
    +-------+-----------+---------+----+----+-----+------+-----+------+-------------+
    | Memory|   Module  | BRAM_18K| FF | LUT| URAM| Words| Bits| Banks| W*Bits*Banks|
    +-------+-----------+---------+----+----+-----+------+-----+------+-------------+
    |v5_U   |kernel_v5  |        0|  64|  15|    0|    30|   32|     1|          960|
    +-------+-----------+---------+----+----+-----+------+-----+------+-------------+
    |Total  |           |        0|  64|  15|    0|    30|   32|     1|          960|
    +-------+-----------+---------+----+----+-----+------+-----+------+-------------+

    * FIFO: 
    N/A

    * Expression: 
    +-------------------------+----------+-------+---+----+------------+------------+
    |      Variable Name      | Operation| DSP48E| FF| LUT| Bitwidth P0| Bitwidth P1|
    +-------------------------+----------+-------+---+----+------------+------------+
    |add_ln21_fu_282_p2       |     +    |      0|  0|   8|           8|           1|
    |add_ln32_1_fu_568_p2     |     +    |      0|  0|   6|           5|           5|
    |add_ln32_fu_490_p2       |     +    |      0|  0|   6|           5|           5|
    |add_ln33_1_fu_499_p2     |     +    |      0|  0|  64|          64|          64|
    |add_ln33_2_fu_546_p2     |     +    |      0|  0|   9|           9|           9|
    |add_ln33_fu_409_p2       |     +    |      0|  0|   7|           7|           7|
    |add_ln45_1_fu_613_p2     |     +    |      0|  0|  14|          14|          14|
    |add_ln45_fu_439_p2       |     +    |      0|  0|  10|          10|          10|
    |i_fu_623_p2              |     +    |      0|  0|   6|           5|           1|
    |j_back_fu_598_p2         |     +    |      0|  0|   6|           5|           1|
    |j_fu_562_p2              |     +    |      0|  0|   6|           5|           1|
    |j_init_fu_382_p2         |     +    |      0|  0|   6|           5|           1|
    |oc_fu_288_p2             |     +    |      0|  0|   4|           3|           1|
    |rc_fu_399_p2             |     +    |      0|  0|   3|           2|           1|
    |rx_fu_536_p2             |     +    |      0|  0|   3|           2|           1|
    |ry_fu_484_p2             |     +    |      0|  0|   3|           2|           1|
    |sub_ln33_1_fu_430_p2     |     -    |      0|  0|  64|          64|          64|
    |sub_ln33_2_fu_520_p2     |     -    |      0|  0|   9|           9|           9|
    |sub_ln33_fu_332_p2       |     -    |      0|  0|   6|           6|           6|
    |sub_ln45_1_fu_468_p2     |     -    |      0|  0|  14|          14|          14|
    |sub_ln45_fu_366_p2       |     -    |      0|  0|   9|           9|           9|
    |icmp_ln21_fu_276_p2      |   icmp   |      0|  0|  11|           8|           8|
    |icmp_ln22_fu_294_p2      |   icmp   |      0|  0|  11|           5|           3|
    |icmp_ln24_fu_376_p2      |   icmp   |      0|  0|  11|           5|           3|
    |icmp_ln28_fu_393_p2      |   icmp   |      0|  0|   8|           2|           2|
    |icmp_ln29_fu_478_p2      |   icmp   |      0|  0|   8|           2|           2|
    |icmp_ln30_fu_530_p2      |   icmp   |      0|  0|   8|           2|           2|
    |icmp_ln31_fu_556_p2      |   icmp   |      0|  0|  11|           5|           3|
    |icmp_ln42_fu_592_p2      |   icmp   |      0|  0|  11|           5|           3|
    |select_ln33_1_fu_308_p3  |  select  |      0|  0|   3|           1|           3|
    |select_ln33_fu_300_p3    |  select  |      0|  0|   5|           1|           1|
    |ap_enable_pp1            |    xor   |      0|  0|   2|           1|           2|
    |ap_enable_reg_pp1_iter1  |    xor   |      0|  0|   2|           2|           1|
    +-------------------------+----------+-------+---+----+------------+------------+
    |Total                    |          |      0|  0| 354|         292|         258|
    +-------------------------+----------+-------+---+----+------------+------------+

    * Multiplexer: 
    +-----------------------------------+-----+-----------+-----+-----------+
    |                Name               | LUT | Input Size| Bits| Total Bits|
    +-----------------------------------+-----+-----------+-----+-----------+
    |ap_NS_fsm                          |  105|         22|    1|         22|
    |ap_enable_reg_pp1_iter1            |   15|          3|    1|          3|
    |ap_phi_mux_j_back_0_phi_fu_259_p4  |    9|          2|    5|         10|
    |i_0_reg_187                        |    9|          2|    5|         10|
    |indvar_flatten_reg_165             |    9|          2|    8|         16|
    |j_0_reg_243                        |    9|          2|    5|         10|
    |j_back_0_reg_255                   |    9|          2|    5|         10|
    |j_init_0_reg_198                   |    9|          2|    5|         10|
    |oc_0_reg_176                       |    9|          2|    3|          6|
    |rc_0_reg_209                       |    9|          2|    2|          4|
    |rx_0_reg_232                       |    9|          2|    2|          4|
    |ry_0_reg_221                       |    9|          2|    2|          4|
    |v5_address0                        |   27|          5|    5|         25|
    |v5_d0                              |   15|          3|   32|         96|
    +-----------------------------------+-----+-----------+-----+-----------+
    |Total                              |  252|         53|   81|        230|
    +-----------------------------------+-----+-----------+-----+-----------+

    * Register: 
    +-------------------------+----+----+-----+-----------+
    |           Name          | FF | LUT| Bits| Const Bits|
    +-------------------------+----+----+-----+-----------+
    |add_ln21_reg_632         |   8|   0|    8|          0|
    |add_ln32_reg_694         |   5|   0|    5|          0|
    |ap_CS_fsm                |  21|   0|   21|          0|
    |ap_enable_reg_pp1_iter0  |   1|   0|    1|          0|
    |ap_enable_reg_pp1_iter1  |   1|   0|    1|          0|
    |i_0_reg_187              |   5|   0|    5|          0|
    |icmp_ln42_reg_765        |   1|   0|    1|          0|
    |indvar_flatten_reg_165   |   8|   0|    8|          0|
    |j_0_reg_243              |   5|   0|    5|          0|
    |j_back_0_reg_255         |   5|   0|    5|          0|
    |j_back_reg_769           |   5|   0|    5|          0|
    |j_init_0_reg_198         |   5|   0|    5|          0|
    |j_reg_730                |   5|   0|    5|          0|
    |oc_0_reg_176             |   3|   0|    3|          0|
    |rc_0_reg_209             |   2|   0|    2|          0|
    |rc_reg_671               |   2|   0|    2|          0|
    |rx_0_reg_232             |   2|   0|    2|          0|
    |rx_reg_712               |   2|   0|    2|          0|
    |ry_0_reg_221             |   2|   0|    2|          0|
    |ry_reg_689               |   2|   0|    2|          0|
    |select_ln33_1_reg_644    |   3|   0|    3|          0|
    |select_ln33_reg_637      |   5|   0|    5|          0|
    |sext_ln33_reg_649        |   7|   0|    7|          0|
    |sext_ln45_reg_654        |   9|   0|   10|          1|
    |sub_ln33_1_reg_676       |  64|   0|   64|          0|
    |sub_ln33_2_reg_699       |   9|   0|    9|          0|
    |sub_ln45_1_reg_681       |  13|   0|   14|          1|
    |v12_reg_722              |  32|   0|   32|          0|
    |v13_reg_750              |  32|   0|   32|          0|
    |v14_reg_755              |  32|   0|   32|          0|
    |v15_reg_760              |  32|   0|   32|          0|
    |v5_addr_2_reg_745        |   5|   0|    5|          0|
    |zext_ln30_reg_704        |   2|   0|    5|          3|
    +-------------------------+----+----+-----+-----------+
    |Total                    | 335|   0|  340|          5|
    +-------------------------+----+----+-----+-----------+



================================================================
== Interface
================================================================
* Summary: 
+-------------+-----+-----+------------+--------------+--------------+
|  RTL Ports  | Dir | Bits|  Protocol  | Source Object|    C Type    |
+-------------+-----+-----+------------+--------------+--------------+
|ap_clk       |  in |    1| ap_ctrl_hs |    kernel    | return value |
|ap_rst       |  in |    1| ap_ctrl_hs |    kernel    | return value |
|ap_start     |  in |    1| ap_ctrl_hs |    kernel    | return value |
|ap_done      | out |    1| ap_ctrl_hs |    kernel    | return value |
|ap_idle      | out |    1| ap_ctrl_hs |    kernel    | return value |
|ap_ready     | out |    1| ap_ctrl_hs |    kernel    | return value |
|v0_address0  | out |   12|  ap_memory |      v0      |     array    |
|v0_ce0       | out |    1|  ap_memory |      v0      |     array    |
|v0_q0        |  in |   32|  ap_memory |      v0      |     array    |
|v1_address0  | out |    8|  ap_memory |      v1      |     array    |
|v1_ce0       | out |    1|  ap_memory |      v1      |     array    |
|v1_q0        |  in |   32|  ap_memory |      v1      |     array    |
|v2_address0  | out |   13|  ap_memory |      v2      |     array    |
|v2_ce0       | out |    1|  ap_memory |      v2      |     array    |
|v2_we0       | out |    1|  ap_memory |      v2      |     array    |
|v2_d0        | out |   32|  ap_memory |      v2      |     array    |
+-------------+-----+-----+------------+--------------+--------------+

